<?xml version="1.0" encoding="UTF-8"?>
<!-- Generated by org.testng.reporters.JUnitReportReporter -->
<testsuite skipped="0" hostname="3abdelsattar" name="nagwaTest" tests="1" failures="0" timestamp="2021-03-12T19:00:02 EET" time="18.767" errors="0">
  <testcase name="countQuestionsInWorksheet" time="18.767" classname="nagwaTest"/>
  <system-out/>
</testsuite> <!-- nagwaTest -->
