<?xml version="1.0" encoding="UTF-8"?>
<!-- Generated by org.testng.reporters.JUnitReportReporter -->
<testsuite skipped="0" hostname="3abdelsattar" name="readxcelfile" tests="1" failures="0" timestamp="2021-04-04T19:15:15 EET" time="0.465" errors="0">
  <testcase name="dataReadTest" time="0.465" classname="readxcelfile"/>
  <system-out/>
</testsuite> <!-- readxcelfile -->
