<?xml version="1.0" encoding="UTF-8"?>
<!-- Generated by org.testng.reporters.JUnitReportReporter -->
<testsuite skipped="0" hostname="3abdelsattar" name="test" tests="1" failures="0" timestamp="2021-04-04T20:37:27 EET" time="23.511" errors="0">
  <testcase name="theTest" time="23.511" classname="test"/>
  <system-out/>
</testsuite> <!-- test -->
